find_header: checking for libxml/parser.h... -------------------- yes

"/usr/bin/gcc-4.2 -o conftest -I/Users/letourneau/.rvm/rubies/ruby-1.9.2-p290/include/ruby-1.9.1/x86_64-darwin10.8.0 -I/Users/letourneau/.rvm/rubies/ruby-1.9.2-p290/include/ruby-1.9.1/ruby/backward -I/Users/letourneau/.rvm/rubies/ruby-1.9.2-p290/include/ruby-1.9.1 -I. -I/opt/local/include/libxml2 -I/usr/local/include/libxml2 -I/Users/letourneau/.rvm/rubies/ruby-1.9.2-p290/include/libxml2 -I/opt/local/include -I/usr/local/include -I/Users/letourneau/.rvm/rubies/ruby-1.9.2-p290/include -I/usr/include -I/usr/include/libxml2 -D_XOPEN_SOURCE -D_DARWIN_C_SOURCE    -O3 -ggdb -Wextra -Wno-unused-parameter -Wno-parentheses -Wpointer-arith -Wwrite-strings -Wno-missing-field-initializers -Wshorten-64-to-32 -Wno-long-long  -fno-common -pipe  -g -DXP_UNIX -O3 -Wall -Wcast-qual -Wwrite-strings -Wconversion -Wmissing-noreturn -Winline conftest.c  -L. -L/Users/letourneau/.rvm/rubies/ruby-1.9.2-p290/lib -L/opt/local/lib -L/usr/local/lib -L/Users/letourneau/.rvm/rubies/ruby-1.9.2-p290/lib -L/usr/lib -L. -L/usr/local/lib     -lruby.1.9.1-static  -lpthread -ldl -lobjc  "
/Users/letourneau/.rvm/rubies/ruby-1.9.2-p290/lib/ruby/1.9.1/mkmf.rb:305: warning: Insecure world writable dir /usr/local in PATH, mode 040777
checked program was:
/* begin */
1: #include "ruby.h"
2: 
3: int main() {return 0;}
/* end */

"/usr/bin/gcc-4.2 -E -I/Users/letourneau/.rvm/rubies/ruby-1.9.2-p290/include/ruby-1.9.1/x86_64-darwin10.8.0 -I/Users/letourneau/.rvm/rubies/ruby-1.9.2-p290/include/ruby-1.9.1/ruby/backward -I/Users/letourneau/.rvm/rubies/ruby-1.9.2-p290/include/ruby-1.9.1 -I. -I/opt/local/include/libxml2 -I/usr/local/include/libxml2 -I/Users/letourneau/.rvm/rubies/ruby-1.9.2-p290/include/libxml2 -I/opt/local/include -I/usr/local/include -I/Users/letourneau/.rvm/rubies/ruby-1.9.2-p290/include -I/usr/include -I/usr/include/libxml2 -D_XOPEN_SOURCE -D_DARWIN_C_SOURCE    -O3 -ggdb -Wextra -Wno-unused-parameter -Wno-parentheses -Wpointer-arith -Wwrite-strings -Wno-missing-field-initializers -Wshorten-64-to-32 -Wno-long-long  -fno-common -pipe  -g -DXP_UNIX -O3 -Wall -Wcast-qual -Wwrite-strings -Wconversion -Wmissing-noreturn -Winline  conftest.c -o conftest.i"
checked program was:
/* begin */
1: #include "ruby.h"
2: 
3: #include <libxml/parser.h>
/* end */

--------------------

find_header: checking for libxslt/xslt.h... -------------------- yes

"/usr/bin/gcc-4.2 -E -I/Users/letourneau/.rvm/rubies/ruby-1.9.2-p290/include/ruby-1.9.1/x86_64-darwin10.8.0 -I/Users/letourneau/.rvm/rubies/ruby-1.9.2-p290/include/ruby-1.9.1/ruby/backward -I/Users/letourneau/.rvm/rubies/ruby-1.9.2-p290/include/ruby-1.9.1 -I. -I/opt/local/include/libxml2 -I/usr/local/include/libxml2 -I/Users/letourneau/.rvm/rubies/ruby-1.9.2-p290/include/libxml2 -I/opt/local/include -I/usr/local/include -I/Users/letourneau/.rvm/rubies/ruby-1.9.2-p290/include -I/usr/include -I/usr/include/libxml2 -D_XOPEN_SOURCE -D_DARWIN_C_SOURCE    -O3 -ggdb -Wextra -Wno-unused-parameter -Wno-parentheses -Wpointer-arith -Wwrite-strings -Wno-missing-field-initializers -Wshorten-64-to-32 -Wno-long-long  -fno-common -pipe  -g -DXP_UNIX -O3 -Wall -Wcast-qual -Wwrite-strings -Wconversion -Wmissing-noreturn -Winline  conftest.c -o conftest.i"
checked program was:
/* begin */
1: #include "ruby.h"
2: 
3: #include <libxslt/xslt.h>
/* end */

--------------------

find_header: checking for libexslt/exslt.h... -------------------- yes

"/usr/bin/gcc-4.2 -E -I/Users/letourneau/.rvm/rubies/ruby-1.9.2-p290/include/ruby-1.9.1/x86_64-darwin10.8.0 -I/Users/letourneau/.rvm/rubies/ruby-1.9.2-p290/include/ruby-1.9.1/ruby/backward -I/Users/letourneau/.rvm/rubies/ruby-1.9.2-p290/include/ruby-1.9.1 -I. -I/opt/local/include/libxml2 -I/usr/local/include/libxml2 -I/Users/letourneau/.rvm/rubies/ruby-1.9.2-p290/include/libxml2 -I/opt/local/include -I/usr/local/include -I/Users/letourneau/.rvm/rubies/ruby-1.9.2-p290/include -I/usr/include -I/usr/include/libxml2 -D_XOPEN_SOURCE -D_DARWIN_C_SOURCE    -O3 -ggdb -Wextra -Wno-unused-parameter -Wno-parentheses -Wpointer-arith -Wwrite-strings -Wno-missing-field-initializers -Wshorten-64-to-32 -Wno-long-long  -fno-common -pipe  -g -DXP_UNIX -O3 -Wall -Wcast-qual -Wwrite-strings -Wconversion -Wmissing-noreturn -Winline  conftest.c -o conftest.i"
checked program was:
/* begin */
1: #include "ruby.h"
2: 
3: #include <libexslt/exslt.h>
/* end */

--------------------

have_func: checking for iconv_open() in iconv.h... -------------------- no

"/usr/bin/gcc-4.2 -o conftest -I/Users/letourneau/.rvm/rubies/ruby-1.9.2-p290/include/ruby-1.9.1/x86_64-darwin10.8.0 -I/Users/letourneau/.rvm/rubies/ruby-1.9.2-p290/include/ruby-1.9.1/ruby/backward -I/Users/letourneau/.rvm/rubies/ruby-1.9.2-p290/include/ruby-1.9.1 -I. -I/opt/local/include/libxml2 -I/usr/local/include/libxml2 -I/Users/letourneau/.rvm/rubies/ruby-1.9.2-p290/include/libxml2 -I/opt/local/include -I/usr/local/include -I/Users/letourneau/.rvm/rubies/ruby-1.9.2-p290/include -I/usr/include -I/usr/include/libxml2 -D_XOPEN_SOURCE -D_DARWIN_C_SOURCE    -O3 -ggdb -Wextra -Wno-unused-parameter -Wno-parentheses -Wpointer-arith -Wwrite-strings -Wno-missing-field-initializers -Wshorten-64-to-32 -Wno-long-long  -fno-common -pipe  -g -DXP_UNIX -O3 -Wall -Wcast-qual -Wwrite-strings -Wconversion -Wmissing-noreturn -Winline conftest.c  -L. -L/Users/letourneau/.rvm/rubies/ruby-1.9.2-p290/lib -L/opt/local/lib -L/usr/local/lib -L/Users/letourneau/.rvm/rubies/ruby-1.9.2-p290/lib -L/usr/lib -L. -L/usr/local/lib     -lruby.1.9.1-static  -lpthread -ldl -lobjc  "
Undefined symbols:
  "_iconv_open", referenced from:
      _t in ccotKmRj.o
ld: symbol(s) not found
collect2: ld returned 1 exit status
checked program was:
/* begin */
1: #include "ruby.h"
2: 
3: #include <iconv.h>
4: 
5: /*top*/
6: int main() {return 0;}
7: int t() { void ((*volatile p)()); p = (void ((*)()))iconv_open; return 0; }
/* end */

"/usr/bin/gcc-4.2 -o conftest -I/Users/letourneau/.rvm/rubies/ruby-1.9.2-p290/include/ruby-1.9.1/x86_64-darwin10.8.0 -I/Users/letourneau/.rvm/rubies/ruby-1.9.2-p290/include/ruby-1.9.1/ruby/backward -I/Users/letourneau/.rvm/rubies/ruby-1.9.2-p290/include/ruby-1.9.1 -I. -I/opt/local/include/libxml2 -I/usr/local/include/libxml2 -I/Users/letourneau/.rvm/rubies/ruby-1.9.2-p290/include/libxml2 -I/opt/local/include -I/usr/local/include -I/Users/letourneau/.rvm/rubies/ruby-1.9.2-p290/include -I/usr/include -I/usr/include/libxml2 -D_XOPEN_SOURCE -D_DARWIN_C_SOURCE    -O3 -ggdb -Wextra -Wno-unused-parameter -Wno-parentheses -Wpointer-arith -Wwrite-strings -Wno-missing-field-initializers -Wshorten-64-to-32 -Wno-long-long  -fno-common -pipe  -g -DXP_UNIX -O3 -Wall -Wcast-qual -Wwrite-strings -Wconversion -Wmissing-noreturn -Winline conftest.c  -L. -L/Users/letourneau/.rvm/rubies/ruby-1.9.2-p290/lib -L/opt/local/lib -L/usr/local/lib -L/Users/letourneau/.rvm/rubies/ruby-1.9.2-p290/lib -L/usr/lib -L. -L/usr/local/lib     -lruby.1.9.1-static  -lpthread -ldl -lobjc  "
conftest.c: In function ‘t’:
conftest.c:7: error: too few arguments to function ‘iconv_open’
checked program was:
/* begin */
1: #include "ruby.h"
2: 
3: #include <iconv.h>
4: 
5: /*top*/
6: int main() {return 0;}
7: int t() { iconv_open(); return 0; }
/* end */

--------------------

have_library: checking for iconv_open() in -liconv... -------------------- yes

"/usr/bin/gcc-4.2 -o conftest -I/Users/letourneau/.rvm/rubies/ruby-1.9.2-p290/include/ruby-1.9.1/x86_64-darwin10.8.0 -I/Users/letourneau/.rvm/rubies/ruby-1.9.2-p290/include/ruby-1.9.1/ruby/backward -I/Users/letourneau/.rvm/rubies/ruby-1.9.2-p290/include/ruby-1.9.1 -I. -I/opt/local/include/libxml2 -I/usr/local/include/libxml2 -I/Users/letourneau/.rvm/rubies/ruby-1.9.2-p290/include/libxml2 -I/opt/local/include -I/usr/local/include -I/Users/letourneau/.rvm/rubies/ruby-1.9.2-p290/include -I/usr/include -I/usr/include/libxml2 -D_XOPEN_SOURCE -D_DARWIN_C_SOURCE    -O3 -ggdb -Wextra -Wno-unused-parameter -Wno-parentheses -Wpointer-arith -Wwrite-strings -Wno-missing-field-initializers -Wshorten-64-to-32 -Wno-long-long  -fno-common -pipe  -g -DXP_UNIX -O3 -Wall -Wcast-qual -Wwrite-strings -Wconversion -Wmissing-noreturn -Winline conftest.c  -L. -L/Users/letourneau/.rvm/rubies/ruby-1.9.2-p290/lib -L/opt/local/lib -L/usr/local/lib -L/Users/letourneau/.rvm/rubies/ruby-1.9.2-p290/lib -L/usr/lib -L. -L/usr/local/lib     -lruby.1.9.1-static -liconv  -lpthread -ldl -lobjc  "
checked program was:
/* begin */
1: #include "ruby.h"
2: 
3: #include <iconv.h>
4: 
5: /*top*/
6: int main() {return 0;}
7: int t() { void ((*volatile p)()); p = (void ((*)()))iconv_open; return 0; }
/* end */

--------------------

find_library: checking for xmlParseDoc() in -lxml2... -------------------- yes

"/usr/bin/gcc-4.2 -o conftest -I/Users/letourneau/.rvm/rubies/ruby-1.9.2-p290/include/ruby-1.9.1/x86_64-darwin10.8.0 -I/Users/letourneau/.rvm/rubies/ruby-1.9.2-p290/include/ruby-1.9.1/ruby/backward -I/Users/letourneau/.rvm/rubies/ruby-1.9.2-p290/include/ruby-1.9.1 -I. -I/opt/local/include/libxml2 -I/usr/local/include/libxml2 -I/Users/letourneau/.rvm/rubies/ruby-1.9.2-p290/include/libxml2 -I/opt/local/include -I/usr/local/include -I/Users/letourneau/.rvm/rubies/ruby-1.9.2-p290/include -I/usr/include -I/usr/include/libxml2 -D_XOPEN_SOURCE -D_DARWIN_C_SOURCE    -O3 -ggdb -Wextra -Wno-unused-parameter -Wno-parentheses -Wpointer-arith -Wwrite-strings -Wno-missing-field-initializers -Wshorten-64-to-32 -Wno-long-long  -fno-common -pipe  -g -DXP_UNIX -O3 -Wall -Wcast-qual -Wwrite-strings -Wconversion -Wmissing-noreturn -Winline conftest.c  -L. -L/Users/letourneau/.rvm/rubies/ruby-1.9.2-p290/lib -L/opt/local/lib -L/usr/local/lib -L/Users/letourneau/.rvm/rubies/ruby-1.9.2-p290/lib -L/usr/lib -L. -L/usr/local/lib    -liconv  -lruby.1.9.1-static -lxml2 -liconv  -lpthread -ldl -lobjc  "
conftest.c: In function ‘t’:
conftest.c:5: error: ‘xmlParseDoc’ undeclared (first use in this function)
conftest.c:5: error: (Each undeclared identifier is reported only once
conftest.c:5: error: for each function it appears in.)
checked program was:
/* begin */
1: #include "ruby.h"
2: 
3: /*top*/
4: int main() {return 0;}
5: int t() { void ((*volatile p)()); p = (void ((*)()))xmlParseDoc; return 0; }
/* end */

"/usr/bin/gcc-4.2 -o conftest -I/Users/letourneau/.rvm/rubies/ruby-1.9.2-p290/include/ruby-1.9.1/x86_64-darwin10.8.0 -I/Users/letourneau/.rvm/rubies/ruby-1.9.2-p290/include/ruby-1.9.1/ruby/backward -I/Users/letourneau/.rvm/rubies/ruby-1.9.2-p290/include/ruby-1.9.1 -I. -I/opt/local/include/libxml2 -I/usr/local/include/libxml2 -I/Users/letourneau/.rvm/rubies/ruby-1.9.2-p290/include/libxml2 -I/opt/local/include -I/usr/local/include -I/Users/letourneau/.rvm/rubies/ruby-1.9.2-p290/include -I/usr/include -I/usr/include/libxml2 -D_XOPEN_SOURCE -D_DARWIN_C_SOURCE    -O3 -ggdb -Wextra -Wno-unused-parameter -Wno-parentheses -Wpointer-arith -Wwrite-strings -Wno-missing-field-initializers -Wshorten-64-to-32 -Wno-long-long  -fno-common -pipe  -g -DXP_UNIX -O3 -Wall -Wcast-qual -Wwrite-strings -Wconversion -Wmissing-noreturn -Winline conftest.c  -L. -L/Users/letourneau/.rvm/rubies/ruby-1.9.2-p290/lib -L/opt/local/lib -L/usr/local/lib -L/Users/letourneau/.rvm/rubies/ruby-1.9.2-p290/lib -L/usr/lib -L. -L/usr/local/lib    -liconv  -lruby.1.9.1-static -lxml2 -liconv  -lpthread -ldl -lobjc  "
conftest.c: In function ‘t’:
conftest.c:5: warning: implicit declaration of function ‘xmlParseDoc’
checked program was:
/* begin */
1: #include "ruby.h"
2: 
3: /*top*/
4: int main() {return 0;}
5: int t() { xmlParseDoc(); return 0; }
/* end */

--------------------

find_library: checking for xsltParseStylesheetDoc() in -lxslt... -------------------- yes

"/usr/bin/gcc-4.2 -o conftest -I/Users/letourneau/.rvm/rubies/ruby-1.9.2-p290/include/ruby-1.9.1/x86_64-darwin10.8.0 -I/Users/letourneau/.rvm/rubies/ruby-1.9.2-p290/include/ruby-1.9.1/ruby/backward -I/Users/letourneau/.rvm/rubies/ruby-1.9.2-p290/include/ruby-1.9.1 -I. -I/opt/local/include/libxml2 -I/usr/local/include/libxml2 -I/Users/letourneau/.rvm/rubies/ruby-1.9.2-p290/include/libxml2 -I/opt/local/include -I/usr/local/include -I/Users/letourneau/.rvm/rubies/ruby-1.9.2-p290/include -I/usr/include -I/usr/include/libxml2 -D_XOPEN_SOURCE -D_DARWIN_C_SOURCE    -O3 -ggdb -Wextra -Wno-unused-parameter -Wno-parentheses -Wpointer-arith -Wwrite-strings -Wno-missing-field-initializers -Wshorten-64-to-32 -Wno-long-long  -fno-common -pipe  -g -DXP_UNIX -O3 -Wall -Wcast-qual -Wwrite-strings -Wconversion -Wmissing-noreturn -Winline conftest.c  -L. -L/Users/letourneau/.rvm/rubies/ruby-1.9.2-p290/lib -L/opt/local/lib -L/usr/local/lib -L/Users/letourneau/.rvm/rubies/ruby-1.9.2-p290/lib -L/usr/lib -L. -L/usr/local/lib    -lxml2 -liconv  -lruby.1.9.1-static -lxslt -lxml2 -liconv  -lpthread -ldl -lobjc  "
conftest.c: In function ‘t’:
conftest.c:5: error: ‘xsltParseStylesheetDoc’ undeclared (first use in this function)
conftest.c:5: error: (Each undeclared identifier is reported only once
conftest.c:5: error: for each function it appears in.)
checked program was:
/* begin */
1: #include "ruby.h"
2: 
3: /*top*/
4: int main() {return 0;}
5: int t() { void ((*volatile p)()); p = (void ((*)()))xsltParseStylesheetDoc; return 0; }
/* end */

"/usr/bin/gcc-4.2 -o conftest -I/Users/letourneau/.rvm/rubies/ruby-1.9.2-p290/include/ruby-1.9.1/x86_64-darwin10.8.0 -I/Users/letourneau/.rvm/rubies/ruby-1.9.2-p290/include/ruby-1.9.1/ruby/backward -I/Users/letourneau/.rvm/rubies/ruby-1.9.2-p290/include/ruby-1.9.1 -I. -I/opt/local/include/libxml2 -I/usr/local/include/libxml2 -I/Users/letourneau/.rvm/rubies/ruby-1.9.2-p290/include/libxml2 -I/opt/local/include -I/usr/local/include -I/Users/letourneau/.rvm/rubies/ruby-1.9.2-p290/include -I/usr/include -I/usr/include/libxml2 -D_XOPEN_SOURCE -D_DARWIN_C_SOURCE    -O3 -ggdb -Wextra -Wno-unused-parameter -Wno-parentheses -Wpointer-arith -Wwrite-strings -Wno-missing-field-initializers -Wshorten-64-to-32 -Wno-long-long  -fno-common -pipe  -g -DXP_UNIX -O3 -Wall -Wcast-qual -Wwrite-strings -Wconversion -Wmissing-noreturn -Winline conftest.c  -L. -L/Users/letourneau/.rvm/rubies/ruby-1.9.2-p290/lib -L/opt/local/lib -L/usr/local/lib -L/Users/letourneau/.rvm/rubies/ruby-1.9.2-p290/lib -L/usr/lib -L. -L/usr/local/lib    -lxml2 -liconv  -lruby.1.9.1-static -lxslt -lxml2 -liconv  -lpthread -ldl -lobjc  "
conftest.c: In function ‘t’:
conftest.c:5: warning: implicit declaration of function ‘xsltParseStylesheetDoc’
checked program was:
/* begin */
1: #include "ruby.h"
2: 
3: /*top*/
4: int main() {return 0;}
5: int t() { xsltParseStylesheetDoc(); return 0; }
/* end */

--------------------

find_library: checking for exsltFuncRegister() in -lexslt... -------------------- yes

"/usr/bin/gcc-4.2 -o conftest -I/Users/letourneau/.rvm/rubies/ruby-1.9.2-p290/include/ruby-1.9.1/x86_64-darwin10.8.0 -I/Users/letourneau/.rvm/rubies/ruby-1.9.2-p290/include/ruby-1.9.1/ruby/backward -I/Users/letourneau/.rvm/rubies/ruby-1.9.2-p290/include/ruby-1.9.1 -I. -I/opt/local/include/libxml2 -I/usr/local/include/libxml2 -I/Users/letourneau/.rvm/rubies/ruby-1.9.2-p290/include/libxml2 -I/opt/local/include -I/usr/local/include -I/Users/letourneau/.rvm/rubies/ruby-1.9.2-p290/include -I/usr/include -I/usr/include/libxml2 -D_XOPEN_SOURCE -D_DARWIN_C_SOURCE    -O3 -ggdb -Wextra -Wno-unused-parameter -Wno-parentheses -Wpointer-arith -Wwrite-strings -Wno-missing-field-initializers -Wshorten-64-to-32 -Wno-long-long  -fno-common -pipe  -g -DXP_UNIX -O3 -Wall -Wcast-qual -Wwrite-strings -Wconversion -Wmissing-noreturn -Winline conftest.c  -L. -L/Users/letourneau/.rvm/rubies/ruby-1.9.2-p290/lib -L/opt/local/lib -L/usr/local/lib -L/Users/letourneau/.rvm/rubies/ruby-1.9.2-p290/lib -L/usr/lib -L. -L/usr/local/lib    -lxslt -lxml2 -liconv  -lruby.1.9.1-static -lexslt -lxslt -lxml2 -liconv  -lpthread -ldl -lobjc  "
conftest.c: In function ‘t’:
conftest.c:5: error: ‘exsltFuncRegister’ undeclared (first use in this function)
conftest.c:5: error: (Each undeclared identifier is reported only once
conftest.c:5: error: for each function it appears in.)
checked program was:
/* begin */
1: #include "ruby.h"
2: 
3: /*top*/
4: int main() {return 0;}
5: int t() { void ((*volatile p)()); p = (void ((*)()))exsltFuncRegister; return 0; }
/* end */

"/usr/bin/gcc-4.2 -o conftest -I/Users/letourneau/.rvm/rubies/ruby-1.9.2-p290/include/ruby-1.9.1/x86_64-darwin10.8.0 -I/Users/letourneau/.rvm/rubies/ruby-1.9.2-p290/include/ruby-1.9.1/ruby/backward -I/Users/letourneau/.rvm/rubies/ruby-1.9.2-p290/include/ruby-1.9.1 -I. -I/opt/local/include/libxml2 -I/usr/local/include/libxml2 -I/Users/letourneau/.rvm/rubies/ruby-1.9.2-p290/include/libxml2 -I/opt/local/include -I/usr/local/include -I/Users/letourneau/.rvm/rubies/ruby-1.9.2-p290/include -I/usr/include -I/usr/include/libxml2 -D_XOPEN_SOURCE -D_DARWIN_C_SOURCE    -O3 -ggdb -Wextra -Wno-unused-parameter -Wno-parentheses -Wpointer-arith -Wwrite-strings -Wno-missing-field-initializers -Wshorten-64-to-32 -Wno-long-long  -fno-common -pipe  -g -DXP_UNIX -O3 -Wall -Wcast-qual -Wwrite-strings -Wconversion -Wmissing-noreturn -Winline conftest.c  -L. -L/Users/letourneau/.rvm/rubies/ruby-1.9.2-p290/lib -L/opt/local/lib -L/usr/local/lib -L/Users/letourneau/.rvm/rubies/ruby-1.9.2-p290/lib -L/usr/lib -L. -L/usr/local/lib    -lxslt -lxml2 -liconv  -lruby.1.9.1-static -lexslt -lxslt -lxml2 -liconv  -lpthread -ldl -lobjc  "
conftest.c: In function ‘t’:
conftest.c:5: warning: implicit declaration of function ‘exsltFuncRegister’
checked program was:
/* begin */
1: #include "ruby.h"
2: 
3: /*top*/
4: int main() {return 0;}
5: int t() { exsltFuncRegister(); return 0; }
/* end */

--------------------

have_func: checking for xmlFirstElementChild()... -------------------- yes

"/usr/bin/gcc-4.2 -o conftest -I/Users/letourneau/.rvm/rubies/ruby-1.9.2-p290/include/ruby-1.9.1/x86_64-darwin10.8.0 -I/Users/letourneau/.rvm/rubies/ruby-1.9.2-p290/include/ruby-1.9.1/ruby/backward -I/Users/letourneau/.rvm/rubies/ruby-1.9.2-p290/include/ruby-1.9.1 -I. -I/opt/local/include/libxml2 -I/usr/local/include/libxml2 -I/Users/letourneau/.rvm/rubies/ruby-1.9.2-p290/include/libxml2 -I/opt/local/include -I/usr/local/include -I/Users/letourneau/.rvm/rubies/ruby-1.9.2-p290/include -I/usr/include -I/usr/include/libxml2 -D_XOPEN_SOURCE -D_DARWIN_C_SOURCE    -O3 -ggdb -Wextra -Wno-unused-parameter -Wno-parentheses -Wpointer-arith -Wwrite-strings -Wno-missing-field-initializers -Wshorten-64-to-32 -Wno-long-long  -fno-common -pipe  -g -DXP_UNIX -O3 -Wall -Wcast-qual -Wwrite-strings -Wconversion -Wmissing-noreturn -Winline conftest.c  -L. -L/Users/letourneau/.rvm/rubies/ruby-1.9.2-p290/lib -L/opt/local/lib -L/usr/local/lib -L/Users/letourneau/.rvm/rubies/ruby-1.9.2-p290/lib -L/usr/lib -L. -L/usr/local/lib    -lexslt -lxslt -lxml2 -liconv  -lruby.1.9.1-static -lexslt -lxslt -lxml2 -liconv  -lpthread -ldl -lobjc  "
conftest.c: In function ‘t’:
conftest.c:5: error: ‘xmlFirstElementChild’ undeclared (first use in this function)
conftest.c:5: error: (Each undeclared identifier is reported only once
conftest.c:5: error: for each function it appears in.)
checked program was:
/* begin */
1: #include "ruby.h"
2: 
3: /*top*/
4: int main() {return 0;}
5: int t() { void ((*volatile p)()); p = (void ((*)()))xmlFirstElementChild; return 0; }
/* end */

"/usr/bin/gcc-4.2 -o conftest -I/Users/letourneau/.rvm/rubies/ruby-1.9.2-p290/include/ruby-1.9.1/x86_64-darwin10.8.0 -I/Users/letourneau/.rvm/rubies/ruby-1.9.2-p290/include/ruby-1.9.1/ruby/backward -I/Users/letourneau/.rvm/rubies/ruby-1.9.2-p290/include/ruby-1.9.1 -I. -I/opt/local/include/libxml2 -I/usr/local/include/libxml2 -I/Users/letourneau/.rvm/rubies/ruby-1.9.2-p290/include/libxml2 -I/opt/local/include -I/usr/local/include -I/Users/letourneau/.rvm/rubies/ruby-1.9.2-p290/include -I/usr/include -I/usr/include/libxml2 -D_XOPEN_SOURCE -D_DARWIN_C_SOURCE    -O3 -ggdb -Wextra -Wno-unused-parameter -Wno-parentheses -Wpointer-arith -Wwrite-strings -Wno-missing-field-initializers -Wshorten-64-to-32 -Wno-long-long  -fno-common -pipe  -g -DXP_UNIX -O3 -Wall -Wcast-qual -Wwrite-strings -Wconversion -Wmissing-noreturn -Winline conftest.c  -L. -L/Users/letourneau/.rvm/rubies/ruby-1.9.2-p290/lib -L/opt/local/lib -L/usr/local/lib -L/Users/letourneau/.rvm/rubies/ruby-1.9.2-p290/lib -L/usr/lib -L. -L/usr/local/lib    -lexslt -lxslt -lxml2 -liconv  -lruby.1.9.1-static -lexslt -lxslt -lxml2 -liconv  -lpthread -ldl -lobjc  "
conftest.c: In function ‘t’:
conftest.c:5: warning: implicit declaration of function ‘xmlFirstElementChild’
checked program was:
/* begin */
1: #include "ruby.h"
2: 
3: /*top*/
4: int main() {return 0;}
5: int t() { xmlFirstElementChild(); return 0; }
/* end */

--------------------

have_func: checking for xmlRelaxNGSetParserStructuredErrors()... -------------------- yes

"/usr/bin/gcc-4.2 -o conftest -I/Users/letourneau/.rvm/rubies/ruby-1.9.2-p290/include/ruby-1.9.1/x86_64-darwin10.8.0 -I/Users/letourneau/.rvm/rubies/ruby-1.9.2-p290/include/ruby-1.9.1/ruby/backward -I/Users/letourneau/.rvm/rubies/ruby-1.9.2-p290/include/ruby-1.9.1 -I. -I/opt/local/include/libxml2 -I/usr/local/include/libxml2 -I/Users/letourneau/.rvm/rubies/ruby-1.9.2-p290/include/libxml2 -I/opt/local/include -I/usr/local/include -I/Users/letourneau/.rvm/rubies/ruby-1.9.2-p290/include -I/usr/include -I/usr/include/libxml2 -D_XOPEN_SOURCE -D_DARWIN_C_SOURCE    -O3 -ggdb -Wextra -Wno-unused-parameter -Wno-parentheses -Wpointer-arith -Wwrite-strings -Wno-missing-field-initializers -Wshorten-64-to-32 -Wno-long-long  -fno-common -pipe  -g -DXP_UNIX -O3 -Wall -Wcast-qual -Wwrite-strings -Wconversion -Wmissing-noreturn -Winline conftest.c  -L. -L/Users/letourneau/.rvm/rubies/ruby-1.9.2-p290/lib -L/opt/local/lib -L/usr/local/lib -L/Users/letourneau/.rvm/rubies/ruby-1.9.2-p290/lib -L/usr/lib -L. -L/usr/local/lib    -lexslt -lxslt -lxml2 -liconv  -lruby.1.9.1-static -lexslt -lxslt -lxml2 -liconv  -lpthread -ldl -lobjc  "
conftest.c: In function ‘t’:
conftest.c:5: error: ‘xmlRelaxNGSetParserStructuredErrors’ undeclared (first use in this function)
conftest.c:5: error: (Each undeclared identifier is reported only once
conftest.c:5: error: for each function it appears in.)
checked program was:
/* begin */
1: #include "ruby.h"
2: 
3: /*top*/
4: int main() {return 0;}
5: int t() { void ((*volatile p)()); p = (void ((*)()))xmlRelaxNGSetParserStructuredErrors; return 0; }
/* end */

"/usr/bin/gcc-4.2 -o conftest -I/Users/letourneau/.rvm/rubies/ruby-1.9.2-p290/include/ruby-1.9.1/x86_64-darwin10.8.0 -I/Users/letourneau/.rvm/rubies/ruby-1.9.2-p290/include/ruby-1.9.1/ruby/backward -I/Users/letourneau/.rvm/rubies/ruby-1.9.2-p290/include/ruby-1.9.1 -I. -I/opt/local/include/libxml2 -I/usr/local/include/libxml2 -I/Users/letourneau/.rvm/rubies/ruby-1.9.2-p290/include/libxml2 -I/opt/local/include -I/usr/local/include -I/Users/letourneau/.rvm/rubies/ruby-1.9.2-p290/include -I/usr/include -I/usr/include/libxml2 -D_XOPEN_SOURCE -D_DARWIN_C_SOURCE    -O3 -ggdb -Wextra -Wno-unused-parameter -Wno-parentheses -Wpointer-arith -Wwrite-strings -Wno-missing-field-initializers -Wshorten-64-to-32 -Wno-long-long  -fno-common -pipe  -g -DXP_UNIX -O3 -Wall -Wcast-qual -Wwrite-strings -Wconversion -Wmissing-noreturn -Winline conftest.c  -L. -L/Users/letourneau/.rvm/rubies/ruby-1.9.2-p290/lib -L/opt/local/lib -L/usr/local/lib -L/Users/letourneau/.rvm/rubies/ruby-1.9.2-p290/lib -L/usr/lib -L. -L/usr/local/lib    -lexslt -lxslt -lxml2 -liconv  -lruby.1.9.1-static -lexslt -lxslt -lxml2 -liconv  -lpthread -ldl -lobjc  "
conftest.c: In function ‘t’:
conftest.c:5: warning: implicit declaration of function ‘xmlRelaxNGSetParserStructuredErrors’
checked program was:
/* begin */
1: #include "ruby.h"
2: 
3: /*top*/
4: int main() {return 0;}
5: int t() { xmlRelaxNGSetParserStructuredErrors(); return 0; }
/* end */

--------------------

have_func: checking for xmlRelaxNGSetParserStructuredErrors()... -------------------- yes

"/usr/bin/gcc-4.2 -o conftest -I/Users/letourneau/.rvm/rubies/ruby-1.9.2-p290/include/ruby-1.9.1/x86_64-darwin10.8.0 -I/Users/letourneau/.rvm/rubies/ruby-1.9.2-p290/include/ruby-1.9.1/ruby/backward -I/Users/letourneau/.rvm/rubies/ruby-1.9.2-p290/include/ruby-1.9.1 -I. -I/opt/local/include/libxml2 -I/usr/local/include/libxml2 -I/Users/letourneau/.rvm/rubies/ruby-1.9.2-p290/include/libxml2 -I/opt/local/include -I/usr/local/include -I/Users/letourneau/.rvm/rubies/ruby-1.9.2-p290/include -I/usr/include -I/usr/include/libxml2 -D_XOPEN_SOURCE -D_DARWIN_C_SOURCE    -O3 -ggdb -Wextra -Wno-unused-parameter -Wno-parentheses -Wpointer-arith -Wwrite-strings -Wno-missing-field-initializers -Wshorten-64-to-32 -Wno-long-long  -fno-common -pipe  -g -DXP_UNIX -O3 -Wall -Wcast-qual -Wwrite-strings -Wconversion -Wmissing-noreturn -Winline conftest.c  -L. -L/Users/letourneau/.rvm/rubies/ruby-1.9.2-p290/lib -L/opt/local/lib -L/usr/local/lib -L/Users/letourneau/.rvm/rubies/ruby-1.9.2-p290/lib -L/usr/lib -L. -L/usr/local/lib    -lexslt -lxslt -lxml2 -liconv  -lruby.1.9.1-static -lexslt -lxslt -lxml2 -liconv  -lpthread -ldl -lobjc  "
conftest.c: In function ‘t’:
conftest.c:5: error: ‘xmlRelaxNGSetParserStructuredErrors’ undeclared (first use in this function)
conftest.c:5: error: (Each undeclared identifier is reported only once
conftest.c:5: error: for each function it appears in.)
checked program was:
/* begin */
1: #include "ruby.h"
2: 
3: /*top*/
4: int main() {return 0;}
5: int t() { void ((*volatile p)()); p = (void ((*)()))xmlRelaxNGSetParserStructuredErrors; return 0; }
/* end */

"/usr/bin/gcc-4.2 -o conftest -I/Users/letourneau/.rvm/rubies/ruby-1.9.2-p290/include/ruby-1.9.1/x86_64-darwin10.8.0 -I/Users/letourneau/.rvm/rubies/ruby-1.9.2-p290/include/ruby-1.9.1/ruby/backward -I/Users/letourneau/.rvm/rubies/ruby-1.9.2-p290/include/ruby-1.9.1 -I. -I/opt/local/include/libxml2 -I/usr/local/include/libxml2 -I/Users/letourneau/.rvm/rubies/ruby-1.9.2-p290/include/libxml2 -I/opt/local/include -I/usr/local/include -I/Users/letourneau/.rvm/rubies/ruby-1.9.2-p290/include -I/usr/include -I/usr/include/libxml2 -D_XOPEN_SOURCE -D_DARWIN_C_SOURCE    -O3 -ggdb -Wextra -Wno-unused-parameter -Wno-parentheses -Wpointer-arith -Wwrite-strings -Wno-missing-field-initializers -Wshorten-64-to-32 -Wno-long-long  -fno-common -pipe  -g -DXP_UNIX -O3 -Wall -Wcast-qual -Wwrite-strings -Wconversion -Wmissing-noreturn -Winline conftest.c  -L. -L/Users/letourneau/.rvm/rubies/ruby-1.9.2-p290/lib -L/opt/local/lib -L/usr/local/lib -L/Users/letourneau/.rvm/rubies/ruby-1.9.2-p290/lib -L/usr/lib -L. -L/usr/local/lib    -lexslt -lxslt -lxml2 -liconv  -lruby.1.9.1-static -lexslt -lxslt -lxml2 -liconv  -lpthread -ldl -lobjc  "
conftest.c: In function ‘t’:
conftest.c:5: warning: implicit declaration of function ‘xmlRelaxNGSetParserStructuredErrors’
checked program was:
/* begin */
1: #include "ruby.h"
2: 
3: /*top*/
4: int main() {return 0;}
5: int t() { xmlRelaxNGSetParserStructuredErrors(); return 0; }
/* end */

--------------------

have_func: checking for xmlRelaxNGSetValidStructuredErrors()... -------------------- yes

"/usr/bin/gcc-4.2 -o conftest -I/Users/letourneau/.rvm/rubies/ruby-1.9.2-p290/include/ruby-1.9.1/x86_64-darwin10.8.0 -I/Users/letourneau/.rvm/rubies/ruby-1.9.2-p290/include/ruby-1.9.1/ruby/backward -I/Users/letourneau/.rvm/rubies/ruby-1.9.2-p290/include/ruby-1.9.1 -I. -I/opt/local/include/libxml2 -I/usr/local/include/libxml2 -I/Users/letourneau/.rvm/rubies/ruby-1.9.2-p290/include/libxml2 -I/opt/local/include -I/usr/local/include -I/Users/letourneau/.rvm/rubies/ruby-1.9.2-p290/include -I/usr/include -I/usr/include/libxml2 -D_XOPEN_SOURCE -D_DARWIN_C_SOURCE    -O3 -ggdb -Wextra -Wno-unused-parameter -Wno-parentheses -Wpointer-arith -Wwrite-strings -Wno-missing-field-initializers -Wshorten-64-to-32 -Wno-long-long  -fno-common -pipe  -g -DXP_UNIX -O3 -Wall -Wcast-qual -Wwrite-strings -Wconversion -Wmissing-noreturn -Winline conftest.c  -L. -L/Users/letourneau/.rvm/rubies/ruby-1.9.2-p290/lib -L/opt/local/lib -L/usr/local/lib -L/Users/letourneau/.rvm/rubies/ruby-1.9.2-p290/lib -L/usr/lib -L. -L/usr/local/lib    -lexslt -lxslt -lxml2 -liconv  -lruby.1.9.1-static -lexslt -lxslt -lxml2 -liconv  -lpthread -ldl -lobjc  "
conftest.c: In function ‘t’:
conftest.c:5: error: ‘xmlRelaxNGSetValidStructuredErrors’ undeclared (first use in this function)
conftest.c:5: error: (Each undeclared identifier is reported only once
conftest.c:5: error: for each function it appears in.)
checked program was:
/* begin */
1: #include "ruby.h"
2: 
3: /*top*/
4: int main() {return 0;}
5: int t() { void ((*volatile p)()); p = (void ((*)()))xmlRelaxNGSetValidStructuredErrors; return 0; }
/* end */

"/usr/bin/gcc-4.2 -o conftest -I/Users/letourneau/.rvm/rubies/ruby-1.9.2-p290/include/ruby-1.9.1/x86_64-darwin10.8.0 -I/Users/letourneau/.rvm/rubies/ruby-1.9.2-p290/include/ruby-1.9.1/ruby/backward -I/Users/letourneau/.rvm/rubies/ruby-1.9.2-p290/include/ruby-1.9.1 -I. -I/opt/local/include/libxml2 -I/usr/local/include/libxml2 -I/Users/letourneau/.rvm/rubies/ruby-1.9.2-p290/include/libxml2 -I/opt/local/include -I/usr/local/include -I/Users/letourneau/.rvm/rubies/ruby-1.9.2-p290/include -I/usr/include -I/usr/include/libxml2 -D_XOPEN_SOURCE -D_DARWIN_C_SOURCE    -O3 -ggdb -Wextra -Wno-unused-parameter -Wno-parentheses -Wpointer-arith -Wwrite-strings -Wno-missing-field-initializers -Wshorten-64-to-32 -Wno-long-long  -fno-common -pipe  -g -DXP_UNIX -O3 -Wall -Wcast-qual -Wwrite-strings -Wconversion -Wmissing-noreturn -Winline conftest.c  -L. -L/Users/letourneau/.rvm/rubies/ruby-1.9.2-p290/lib -L/opt/local/lib -L/usr/local/lib -L/Users/letourneau/.rvm/rubies/ruby-1.9.2-p290/lib -L/usr/lib -L. -L/usr/local/lib    -lexslt -lxslt -lxml2 -liconv  -lruby.1.9.1-static -lexslt -lxslt -lxml2 -liconv  -lpthread -ldl -lobjc  "
conftest.c: In function ‘t’:
conftest.c:5: warning: implicit declaration of function ‘xmlRelaxNGSetValidStructuredErrors’
checked program was:
/* begin */
1: #include "ruby.h"
2: 
3: /*top*/
4: int main() {return 0;}
5: int t() { xmlRelaxNGSetValidStructuredErrors(); return 0; }
/* end */

--------------------

have_func: checking for xmlSchemaSetValidStructuredErrors()... -------------------- yes

"/usr/bin/gcc-4.2 -o conftest -I/Users/letourneau/.rvm/rubies/ruby-1.9.2-p290/include/ruby-1.9.1/x86_64-darwin10.8.0 -I/Users/letourneau/.rvm/rubies/ruby-1.9.2-p290/include/ruby-1.9.1/ruby/backward -I/Users/letourneau/.rvm/rubies/ruby-1.9.2-p290/include/ruby-1.9.1 -I. -I/opt/local/include/libxml2 -I/usr/local/include/libxml2 -I/Users/letourneau/.rvm/rubies/ruby-1.9.2-p290/include/libxml2 -I/opt/local/include -I/usr/local/include -I/Users/letourneau/.rvm/rubies/ruby-1.9.2-p290/include -I/usr/include -I/usr/include/libxml2 -D_XOPEN_SOURCE -D_DARWIN_C_SOURCE    -O3 -ggdb -Wextra -Wno-unused-parameter -Wno-parentheses -Wpointer-arith -Wwrite-strings -Wno-missing-field-initializers -Wshorten-64-to-32 -Wno-long-long  -fno-common -pipe  -g -DXP_UNIX -O3 -Wall -Wcast-qual -Wwrite-strings -Wconversion -Wmissing-noreturn -Winline conftest.c  -L. -L/Users/letourneau/.rvm/rubies/ruby-1.9.2-p290/lib -L/opt/local/lib -L/usr/local/lib -L/Users/letourneau/.rvm/rubies/ruby-1.9.2-p290/lib -L/usr/lib -L. -L/usr/local/lib    -lexslt -lxslt -lxml2 -liconv  -lruby.1.9.1-static -lexslt -lxslt -lxml2 -liconv  -lpthread -ldl -lobjc  "
conftest.c: In function ‘t’:
conftest.c:5: error: ‘xmlSchemaSetValidStructuredErrors’ undeclared (first use in this function)
conftest.c:5: error: (Each undeclared identifier is reported only once
conftest.c:5: error: for each function it appears in.)
checked program was:
/* begin */
1: #include "ruby.h"
2: 
3: /*top*/
4: int main() {return 0;}
5: int t() { void ((*volatile p)()); p = (void ((*)()))xmlSchemaSetValidStructuredErrors; return 0; }
/* end */

"/usr/bin/gcc-4.2 -o conftest -I/Users/letourneau/.rvm/rubies/ruby-1.9.2-p290/include/ruby-1.9.1/x86_64-darwin10.8.0 -I/Users/letourneau/.rvm/rubies/ruby-1.9.2-p290/include/ruby-1.9.1/ruby/backward -I/Users/letourneau/.rvm/rubies/ruby-1.9.2-p290/include/ruby-1.9.1 -I. -I/opt/local/include/libxml2 -I/usr/local/include/libxml2 -I/Users/letourneau/.rvm/rubies/ruby-1.9.2-p290/include/libxml2 -I/opt/local/include -I/usr/local/include -I/Users/letourneau/.rvm/rubies/ruby-1.9.2-p290/include -I/usr/include -I/usr/include/libxml2 -D_XOPEN_SOURCE -D_DARWIN_C_SOURCE    -O3 -ggdb -Wextra -Wno-unused-parameter -Wno-parentheses -Wpointer-arith -Wwrite-strings -Wno-missing-field-initializers -Wshorten-64-to-32 -Wno-long-long  -fno-common -pipe  -g -DXP_UNIX -O3 -Wall -Wcast-qual -Wwrite-strings -Wconversion -Wmissing-noreturn -Winline conftest.c  -L. -L/Users/letourneau/.rvm/rubies/ruby-1.9.2-p290/lib -L/opt/local/lib -L/usr/local/lib -L/Users/letourneau/.rvm/rubies/ruby-1.9.2-p290/lib -L/usr/lib -L. -L/usr/local/lib    -lexslt -lxslt -lxml2 -liconv  -lruby.1.9.1-static -lexslt -lxslt -lxml2 -liconv  -lpthread -ldl -lobjc  "
conftest.c: In function ‘t’:
conftest.c:5: warning: implicit declaration of function ‘xmlSchemaSetValidStructuredErrors’
checked program was:
/* begin */
1: #include "ruby.h"
2: 
3: /*top*/
4: int main() {return 0;}
5: int t() { xmlSchemaSetValidStructuredErrors(); return 0; }
/* end */

--------------------

have_func: checking for xmlSchemaSetParserStructuredErrors()... -------------------- yes

"/usr/bin/gcc-4.2 -o conftest -I/Users/letourneau/.rvm/rubies/ruby-1.9.2-p290/include/ruby-1.9.1/x86_64-darwin10.8.0 -I/Users/letourneau/.rvm/rubies/ruby-1.9.2-p290/include/ruby-1.9.1/ruby/backward -I/Users/letourneau/.rvm/rubies/ruby-1.9.2-p290/include/ruby-1.9.1 -I. -I/opt/local/include/libxml2 -I/usr/local/include/libxml2 -I/Users/letourneau/.rvm/rubies/ruby-1.9.2-p290/include/libxml2 -I/opt/local/include -I/usr/local/include -I/Users/letourneau/.rvm/rubies/ruby-1.9.2-p290/include -I/usr/include -I/usr/include/libxml2 -D_XOPEN_SOURCE -D_DARWIN_C_SOURCE    -O3 -ggdb -Wextra -Wno-unused-parameter -Wno-parentheses -Wpointer-arith -Wwrite-strings -Wno-missing-field-initializers -Wshorten-64-to-32 -Wno-long-long  -fno-common -pipe  -g -DXP_UNIX -O3 -Wall -Wcast-qual -Wwrite-strings -Wconversion -Wmissing-noreturn -Winline conftest.c  -L. -L/Users/letourneau/.rvm/rubies/ruby-1.9.2-p290/lib -L/opt/local/lib -L/usr/local/lib -L/Users/letourneau/.rvm/rubies/ruby-1.9.2-p290/lib -L/usr/lib -L. -L/usr/local/lib    -lexslt -lxslt -lxml2 -liconv  -lruby.1.9.1-static -lexslt -lxslt -lxml2 -liconv  -lpthread -ldl -lobjc  "
conftest.c: In function ‘t’:
conftest.c:5: error: ‘xmlSchemaSetParserStructuredErrors’ undeclared (first use in this function)
conftest.c:5: error: (Each undeclared identifier is reported only once
conftest.c:5: error: for each function it appears in.)
checked program was:
/* begin */
1: #include "ruby.h"
2: 
3: /*top*/
4: int main() {return 0;}
5: int t() { void ((*volatile p)()); p = (void ((*)()))xmlSchemaSetParserStructuredErrors; return 0; }
/* end */

"/usr/bin/gcc-4.2 -o conftest -I/Users/letourneau/.rvm/rubies/ruby-1.9.2-p290/include/ruby-1.9.1/x86_64-darwin10.8.0 -I/Users/letourneau/.rvm/rubies/ruby-1.9.2-p290/include/ruby-1.9.1/ruby/backward -I/Users/letourneau/.rvm/rubies/ruby-1.9.2-p290/include/ruby-1.9.1 -I. -I/opt/local/include/libxml2 -I/usr/local/include/libxml2 -I/Users/letourneau/.rvm/rubies/ruby-1.9.2-p290/include/libxml2 -I/opt/local/include -I/usr/local/include -I/Users/letourneau/.rvm/rubies/ruby-1.9.2-p290/include -I/usr/include -I/usr/include/libxml2 -D_XOPEN_SOURCE -D_DARWIN_C_SOURCE    -O3 -ggdb -Wextra -Wno-unused-parameter -Wno-parentheses -Wpointer-arith -Wwrite-strings -Wno-missing-field-initializers -Wshorten-64-to-32 -Wno-long-long  -fno-common -pipe  -g -DXP_UNIX -O3 -Wall -Wcast-qual -Wwrite-strings -Wconversion -Wmissing-noreturn -Winline conftest.c  -L. -L/Users/letourneau/.rvm/rubies/ruby-1.9.2-p290/lib -L/opt/local/lib -L/usr/local/lib -L/Users/letourneau/.rvm/rubies/ruby-1.9.2-p290/lib -L/usr/lib -L. -L/usr/local/lib    -lexslt -lxslt -lxml2 -liconv  -lruby.1.9.1-static -lexslt -lxslt -lxml2 -liconv  -lpthread -ldl -lobjc  "
conftest.c: In function ‘t’:
conftest.c:5: warning: implicit declaration of function ‘xmlSchemaSetParserStructuredErrors’
checked program was:
/* begin */
1: #include "ruby.h"
2: 
3: /*top*/
4: int main() {return 0;}
5: int t() { xmlSchemaSetParserStructuredErrors(); return 0; }
/* end */

--------------------

